[SYSTEM] Bot uruchomiony po raz pierwszy.
[29.05.2026, 18:00:10] [SYSTEM] Inicjalizacja harmonogramu bota...
[29.05.2026, 18:00:10] [SYSTEM] Harmonogram aktywny! Sprawdzanie co 15 minut w godzinach 9:00 - 15:59.
[29.05.2026, 18:00:10] [SYSTEM] Serwer bota uruchomiony na porcie 3000
[29.05.2026, 18:00:10] [SYSTEM] Panel Web dostępny pod adresem: http://localhost:3000
[29.05.2026, 18:01:59] [SYSTEM] Zaktualizowano ustawienia i klucze API z poziomu Dashboardu.
[29.05.2026, 23:22:21] [SYSTEM] Inicjalizacja harmonogramu bota...
[29.05.2026, 23:22:21] [SYSTEM] Harmonogram aktywny! Sprawdzanie co 15 minut w godzinach 9:00 - 15:59.
[29.05.2026, 23:22:21] [SYSTEM] Serwer bota uruchomiony na porcie 3000
[29.05.2026, 23:22:21] [SYSTEM] Panel Web dostępny pod adresem: http://localhost:3000
[29.05.2026, 23:24:25] [MANUAL] Ręczne wyzwolenie publikacji przez Panel Administracyjny.
[29.05.2026, 23:24:25] [BOT] Sprawdzanie strony e-petrol.pl pod kątem nowych danych...
[29.05.2026, 23:24:27] [NOWE DANE] Wykryto nowe ceny maksymalne na dzień: 2026-05-30!
[29.05.2026, 23:24:27] [BOT] Generowanie grafiki cen maksymalnych...
[29.05.2026, 23:24:27] [BOT] Rozpoczynam publikację cen maksymalnych...
[29.05.2026, 23:24:27] [SYSTEM] Zapisano kopię posta lokalnie w history/maxPrices_2026-05-29T21-24-27-469Z.png
[29.05.2026, 23:24:27] [MOCK] Pominięto rzeczywistą publikację (Włączony MOCK_MODE).
[29.05.2026, 23:24:27] [SUKCES] Pomyślnie opublikowano ceny maksymalne na dzień 2026-05-30.
[29.05.2026, 23:24:27] [NOWE DANE] Wykryto nową prognozę tygodniową na okres: 1-7 czerwca 2026!
[29.05.2026, 23:24:27] [BOT] Generowanie grafiki prognoz...
[29.05.2026, 23:24:27] [BOT] Rozpoczynam publikację prognoz...
[29.05.2026, 23:24:27] [SYSTEM] Zapisano kopię posta lokalnie w history/forecasts_2026-05-29T21-24-27-500Z.png
[29.05.2026, 23:24:27] [MOCK] Pominięto rzeczywistą publikację (Włączony MOCK_MODE).
[29.05.2026, 23:24:27] [SUKCES] Pomyślnie opublikowano prognozę tygodniową na okres 1-7 czerwca 2026.
[31.05.2026, 21:34:33] [SYSTEM] Inicjalizacja harmonogramu bota...
[31.05.2026, 21:34:33] [SYSTEM] Harmonogram aktywny! Sprawdzanie co 15 minut w godzinach 9:00 - 15:59.
[31.05.2026, 21:34:33] [SYSTEM] Serwer bota uruchomiony na porcie 3000
[31.05.2026, 21:34:33] [SYSTEM] Panel Web dostępny pod adresem: http://localhost:3000
[1.06.2026, 20:09:32] [SYSTEM] Inicjalizacja harmonogramu bota...
[1.06.2026, 20:09:32] [SYSTEM] Harmonogram aktywny! Sprawdzanie co 15 minut w godzinach 9:00 - 15:59.
[1.06.2026, 20:09:32] [SYSTEM] Serwer bota uruchomiony na porcie 3000
[1.06.2026, 20:09:32] [SYSTEM] Panel Web dostępny pod adresem: http://localhost:3000
[1.06.2026, 20:40:37] [SYSTEM] Zaktualizowano ustawienia i klucze API z poziomu Dashboardu.
[2.06.2026, 11:58:11] [GITHUB ACTIONS] Rozpoczęcie automatycznego przebiegu bota...
[2.06.2026, 11:58:11] [BOT] Sprawdzanie strony e-petrol.pl pod kątem nowych danych...
[2.06.2026, 11:58:13] [NOWE DANE] Wykryto nowe ceny maksymalne na dzień: 2026-06-03!
[2.06.2026, 11:58:13] [BOT] Generowanie grafiki cen maksymalnych...
[2.06.2026, 11:58:14] [BOT] Rozpoczynam publikację cen maksymalnych...
[2.06.2026, 11:58:14] [SYSTEM] Zapisano kopię posta lokalnie w history/maxPrices_2026-06-02T11-58-14-471Z.png
[2.06.2026, 11:58:14] [X/Twitter] Pominięto (Brak skonfigurowanych kluczy API dla Twitter/X).
[2.06.2026, 11:58:14] [Facebook] Pominięto (Brak skonfigurowanych kluczy API dla Facebooka).
[2.06.2026, 11:58:14] [Instagram] Pominięto (Brak skonfigurowanych kluczy API / ID dla Instagrama).
[2.06.2026, 11:58:14] [BŁĄD] Publikacja cen maksymalnych nie powiodła się.
[2.06.2026, 11:58:14] [INFO] Prognoza na okres 1-7 czerwca 2026 została już wcześniej opublikowana.
[2.06.2026, 11:58:14] [GITHUB ACTIONS] Zakończenie przebiegu. Sukces: true
